  Main.cpp
c:\users\xteln\documents\visual studio 2015\projects\adventofcode2017\adventofcode2017\commonfunctions.h(112): warning C4018: '<': signed/unsigned mismatch
c:\users\xteln\documents\visual studio 2015\projects\adventofcode2017\adventofcode2017\commonfunctions.h(127): warning C4018: '<': signed/unsigned mismatch
c:\users\xteln\documents\visual studio 2015\projects\adventofcode2017\adventofcode2017\challenge1.h(87): warning C4018: '<': signed/unsigned mismatch
c:\users\xteln\documents\visual studio 2015\projects\adventofcode2017\adventofcode2017\challenge2.h(79): warning C4018: '<': signed/unsigned mismatch
c:\users\xteln\documents\visual studio 2015\projects\adventofcode2017\adventofcode2017\challenge2.h(89): warning C4018: '<': signed/unsigned mismatch
c:\users\xteln\documents\visual studio 2015\projects\adventofcode2017\adventofcode2017\challenge4.h(72): warning C4018: '<': signed/unsigned mismatch
c:\users\xteln\documents\visual studio 2015\projects\adventofcode2017\adventofcode2017\challenge5.h(74): warning C4018: '<': signed/unsigned mismatch
c:\users\xteln\documents\visual studio 2015\projects\adventofcode2017\adventofcode2017\challenge6.h(81): warning C4018: '<': signed/unsigned mismatch
c:\users\xteln\documents\visual studio 2015\projects\adventofcode2017\adventofcode2017\challenge7.h(128): warning C4018: '<': signed/unsigned mismatch
c:\users\xteln\documents\visual studio 2015\projects\adventofcode2017\adventofcode2017\challenge7.h(169): warning C4018: '<': signed/unsigned mismatch
c:\users\xteln\documents\visual studio 2015\projects\adventofcode2017\adventofcode2017\challenge7.h(180): warning C4018: '<': signed/unsigned mismatch
c:\users\xteln\documents\visual studio 2015\projects\adventofcode2017\adventofcode2017\challenge10.h(110): warning C4018: '<': signed/unsigned mismatch
c:\users\xteln\documents\visual studio 2015\projects\adventofcode2017\adventofcode2017\challenge10.h(125): warning C4018: '<': signed/unsigned mismatch
c:\users\xteln\documents\visual studio 2015\projects\adventofcode2017\adventofcode2017\challenge11.h(74): warning C4018: '<': signed/unsigned mismatch
c:\users\xteln\documents\visual studio 2015\projects\adventofcode2017\adventofcode2017\challenge12.h(93): warning C4018: '<': signed/unsigned mismatch
c:\users\xteln\documents\visual studio 2015\projects\adventofcode2017\adventofcode2017\challenge12.h(107): warning C4018: '<': signed/unsigned mismatch
c:\users\xteln\documents\visual studio 2015\projects\adventofcode2017\adventofcode2017\challenge13.h(323): warning C4018: '<': signed/unsigned mismatch
c:\users\xteln\documents\visual studio 2015\projects\adventofcode2017\adventofcode2017\challenge14.h(106): warning C4018: '<': signed/unsigned mismatch
c:\users\xteln\documents\visual studio 2015\projects\adventofcode2017\adventofcode2017\challenge14.h(130): warning C4018: '<': signed/unsigned mismatch
c:\users\xteln\documents\visual studio 2015\projects\adventofcode2017\adventofcode2017\challenge14.h(190): warning C4018: '<': signed/unsigned mismatch
c:\users\xteln\documents\visual studio 2015\projects\adventofcode2017\adventofcode2017\challenge14.h(191): warning C4018: '<': signed/unsigned mismatch
c:\users\xteln\documents\visual studio 2015\projects\adventofcode2017\adventofcode2017\challenge14.h(198): warning C4018: '<': signed/unsigned mismatch
c:\users\xteln\documents\visual studio 2015\projects\adventofcode2017\adventofcode2017\challenge14.h(206): warning C4018: '<': signed/unsigned mismatch
c:\users\xteln\documents\visual studio 2015\projects\adventofcode2017\adventofcode2017\challenge16.h(82): warning C4018: '<': signed/unsigned mismatch
c:\users\xteln\documents\visual studio 2015\projects\adventofcode2017\adventofcode2017\challenge16.h(106): warning C4018: '<': signed/unsigned mismatch
c:\users\xteln\documents\visual studio 2015\projects\adventofcode2017\adventofcode2017\challenge16.h(121): warning C4244: '=': conversion from 'unsigned __int64' to 'int', possible loss of data
c:\users\xteln\documents\visual studio 2015\projects\adventofcode2017\adventofcode2017\challenge18.h(186): warning C4244: '=': conversion from 'int64_t' to 'int', possible loss of data
c:\users\xteln\documents\visual studio 2015\projects\adventofcode2017\adventofcode2017\challenge19.h(87): warning C4018: '<': signed/unsigned mismatch
c:\users\xteln\documents\visual studio 2015\projects\adventofcode2017\adventofcode2017\challenge19.h(103): warning C4018: '<': signed/unsigned mismatch
c:\users\xteln\documents\visual studio 2015\projects\adventofcode2017\adventofcode2017\challenge19.h(129): warning C4018: '<': signed/unsigned mismatch
c:\users\xteln\documents\visual studio 2015\projects\adventofcode2017\adventofcode2017\challenge19.h(133): warning C4018: '<': signed/unsigned mismatch
c:\users\xteln\documents\visual studio 2015\projects\adventofcode2017\adventofcode2017\challenge20.h(140): warning C4018: '<': signed/unsigned mismatch
c:\users\xteln\documents\visual studio 2015\projects\adventofcode2017\adventofcode2017\challenge20.h(155): warning C4018: '<': signed/unsigned mismatch
c:\users\xteln\documents\visual studio 2015\projects\adventofcode2017\adventofcode2017\challenge20.h(166): warning C4018: '<': signed/unsigned mismatch
c:\users\xteln\documents\visual studio 2015\projects\adventofcode2017\adventofcode2017\challenge20.h(167): warning C4244: 'argument': conversion from '__int64' to 'const int', possible loss of data
c:\users\xteln\documents\visual studio 2015\projects\adventofcode2017\adventofcode2017\challenge20.h(173): warning C4018: '<': signed/unsigned mismatch
c:\users\xteln\documents\visual studio 2015\projects\adventofcode2017\adventofcode2017\challenge20.h(187): warning C4018: '<': signed/unsigned mismatch
c:\users\xteln\documents\visual studio 2015\projects\adventofcode2017\adventofcode2017\challenge21.h(148): warning C4018: '<': signed/unsigned mismatch
c:\users\xteln\documents\visual studio 2015\projects\adventofcode2017\adventofcode2017\challenge21.h(183): warning C4018: '<': signed/unsigned mismatch
c:\users\xteln\documents\visual studio 2015\projects\adventofcode2017\adventofcode2017\challenge21.h(256): warning C4018: '<': signed/unsigned mismatch
c:\users\xteln\documents\visual studio 2015\projects\adventofcode2017\adventofcode2017\challenge21.h(260): warning C4018: '<': signed/unsigned mismatch
  Unknown compiler version - please run the configure tests and report the results
c:\users\xteln\documents\visual studio 2015\projects\adventofcode2017\adventofcode2017\challenge22.h(334): warning C4018: '<': signed/unsigned mismatch
c:\users\xteln\documents\visual studio 2015\projects\adventofcode2017\adventofcode2017\challenge23.h(138): warning C4244: '=': conversion from 'int64_t' to 'int', possible loss of data
c:\users\xteln\documents\visual studio 2015\projects\adventofcode2017\adventofcode2017\challenge24.h(125): warning C4018: '<': signed/unsigned mismatch
c:\program files (x86)\microsoft visual studio 14.0\vc\include\utility(145): warning C4800: 'int': forcing value to bool 'true' or 'false' (performance warning)
  c:\program files (x86)\microsoft visual studio 14.0\vc\include\xmemory0(655): note: see reference to function template instantiation 'std::pair<const _Kty,_Ty>::pair<int&,int,void>(_Other1,_Other2 &&) noexcept' being compiled
          with
          [
              _Kty=int,
              _Ty=bool,
              _Other1=int &,
              _Other2=int
          ]
  c:\program files (x86)\microsoft visual studio 14.0\vc\include\xmemory0(655): note: see reference to function template instantiation 'std::pair<const _Kty,_Ty>::pair<int&,int,void>(_Other1,_Other2 &&) noexcept' being compiled
          with
          [
              _Kty=int,
              _Ty=bool,
              _Other1=int &,
              _Other2=int
          ]
  c:\program files (x86)\microsoft visual studio 14.0\vc\include\xmemory0(773): note: see reference to function template instantiation 'void std::allocator<_Other>::construct<_Objty,int&,_Ty>(_Objty *,int &,_Ty &&)' being compiled
          with
          [
              _Other=std::_List_node<std::pair<const int,bool>,void *>,
              _Objty=std::pair<const int,bool>,
              _Ty=int
          ]
  c:\program files (x86)\microsoft visual studio 14.0\vc\include\xmemory0(773): note: see reference to function template instantiation 'void std::allocator<_Other>::construct<_Objty,int&,_Ty>(_Objty *,int &,_Ty &&)' being compiled
          with
          [
              _Other=std::_List_node<std::pair<const int,bool>,void *>,
              _Objty=std::pair<const int,bool>,
              _Ty=int
          ]
  c:\program files (x86)\microsoft visual studio 14.0\vc\include\xmemory0(918): note: see reference to function template instantiation 'void std::allocator_traits<_Alloc>::construct<_Ty,int&,int>(std::allocator<_Other> &,_Objty *,int &,int &&)' being compiled
          with
          [
              _Alloc=std::allocator<std::_List_node<std::pair<const int,bool>,void *>>,
              _Ty=std::pair<const int,bool>,
              _Other=std::_List_node<std::pair<const int,bool>,void *>,
              _Objty=std::pair<const int,bool>
          ]
  c:\program files (x86)\microsoft visual studio 14.0\vc\include\xmemory0(917): note: see reference to function template instantiation 'void std::allocator_traits<_Alloc>::construct<_Ty,int&,int>(std::allocator<_Other> &,_Objty *,int &,int &&)' being compiled
          with
          [
              _Alloc=std::allocator<std::_List_node<std::pair<const int,bool>,void *>>,
              _Ty=std::pair<const int,bool>,
              _Other=std::_List_node<std::pair<const int,bool>,void *>,
              _Objty=std::pair<const int,bool>
          ]
  c:\program files (x86)\microsoft visual studio 14.0\vc\include\list(834): note: see reference to function template instantiation 'void std::_Wrap_alloc<std::allocator<_Other>>::construct<_Ty,int&,int>(_Ty *,int &,int &&)' being compiled
          with
          [
              _Other=std::_List_node<std::pair<const int,bool>,void *>,
              _Ty=std::pair<const int,bool>
          ]
  c:\program files (x86)\microsoft visual studio 14.0\vc\include\list(832): note: see reference to function template instantiation 'void std::_Wrap_alloc<std::allocator<_Other>>::construct<_Ty,int&,int>(_Ty *,int &,int &&)' being compiled
          with
          [
              _Other=std::_List_node<std::pair<const int,bool>,void *>,
              _Ty=std::pair<const int,bool>
          ]
  c:\program files (x86)\microsoft visual studio 14.0\vc\include\list(1062): note: see reference to function template instantiation 'std::_List_node<std::pair<const _Kty,_Ty>,void *> *std::_List_buy<std::pair<const _Kty,_Ty>,_Alloc>::_Buynode<int&,int>(std::_List_node<std::pair<const _Kty,_Ty>,void *> *,std::_List_node<std::pair<const _Kty,_Ty>,void *> *,int &,int &&)' being compiled
          with
          [
              _Kty=int,
              _Ty=bool,
              _Alloc=std::allocator<std::pair<const int,bool>>
          ]
  c:\program files (x86)\microsoft visual studio 14.0\vc\include\list(1061): note: see reference to function template instantiation 'std::_List_node<std::pair<const _Kty,_Ty>,void *> *std::_List_buy<std::pair<const _Kty,_Ty>,_Alloc>::_Buynode<int&,int>(std::_List_node<std::pair<const _Kty,_Ty>,void *> *,std::_List_node<std::pair<const _Kty,_Ty>,void *> *,int &,int &&)' being compiled
          with
          [
              _Kty=int,
              _Ty=bool,
              _Alloc=std::allocator<std::pair<const int,bool>>
          ]
  c:\program files (x86)\microsoft visual studio 14.0\vc\include\list(1034): note: see reference to function template instantiation 'void std::list<std::pair<const _Kty,_Ty>,std::allocator<std::pair<const _Kty,_Ty>>>::_Insert<int&,int>(std::_List_unchecked_const_iterator<std::_List_val<std::_List_simple_types<std::pair<const _Kty,_Ty>>>,std::_Iterator_base0>,int &,int &&)' being compiled
          with
          [
              _Kty=int,
              _Ty=bool
          ]
  c:\program files (x86)\microsoft visual studio 14.0\vc\include\list(1034): note: see reference to function template instantiation 'void std::list<std::pair<const _Kty,_Ty>,std::allocator<std::pair<const _Kty,_Ty>>>::_Insert<int&,int>(std::_List_unchecked_const_iterator<std::_List_val<std::_List_simple_types<std::pair<const _Kty,_Ty>>>,std::_Iterator_base0>,int &,int &&)' being compiled
          with
          [
              _Kty=int,
              _Ty=bool
          ]
  c:\program files (x86)\microsoft visual studio 14.0\vc\include\xhash(270): note: see reference to function template instantiation 'void std::list<std::pair<const _Kty,_Ty>,std::allocator<std::pair<const _Kty,_Ty>>>::emplace_front<int&,int>(int &,int &&)' being compiled
          with
          [
              _Kty=int,
              _Ty=bool
          ]
  c:\program files (x86)\microsoft visual studio 14.0\vc\include\xhash(270): note: see reference to function template instantiation 'void std::list<std::pair<const _Kty,_Ty>,std::allocator<std::pair<const _Kty,_Ty>>>::emplace_front<int&,int>(int &,int &&)' being compiled
          with
          [
              _Kty=int,
              _Ty=bool
          ]
  c:\users\xteln\documents\visual studio 2015\projects\adventofcode2017\adventofcode2017\challenge25.h(123): note: see reference to function template instantiation 'std::pair<std::_List_iterator<std::_List_val<std::_List_simple_types<std::pair<const _Kty,_Ty>>>>,bool> std::_Hash<std::_Umap_traits<_Kty,_Ty,std::_Uhash_compare<_Kty,_Hasher,_Keyeq>,_Alloc,false>>::emplace<int&,int>(int &,int &&)' being compiled
          with
          [
              _Kty=int,
              _Ty=bool,
              _Hasher=std::hash<int>,
              _Keyeq=std::equal_to<int>,
              _Alloc=std::allocator<std::pair<const int,bool>>
          ]
  c:\users\xteln\documents\visual studio 2015\projects\adventofcode2017\adventofcode2017\challenge25.h(123): note: see reference to function template instantiation 'std::pair<std::_List_iterator<std::_List_val<std::_List_simple_types<std::pair<const _Kty,_Ty>>>>,bool> std::_Hash<std::_Umap_traits<_Kty,_Ty,std::_Uhash_compare<_Kty,_Hasher,_Keyeq>,_Alloc,false>>::emplace<int&,int>(int &,int &&)' being compiled
          with
          [
              _Kty=int,
              _Ty=bool,
              _Hasher=std::hash<int>,
              _Keyeq=std::equal_to<int>,
              _Alloc=std::allocator<std::pair<const int,bool>>
          ]
c:\users\xteln\documents\visual studio 2015\projects\adventofcode2017\adventofcode2017\challenge7.h(190): warning C4715: 'recursiveSolution': not all control paths return a value
  AdventOfCode2017.vcxproj -> C:\Users\xteln\Documents\Visual Studio 2015\Projects\AdventOfCode2017\Debug\AdventOfCode2017.exe
